<?xml version="1.0" encoding="UTF-8"?>
<!-- Generated by org.testng.reporters.JUnitXMLReporter -->
<testsuite ignored="0" hostname="HASSEN-HP" failures="1" tests="13" name="Free CRM App Test Cases" time="0.132" errors="0" timestamp="2020-05-05T13:01:18 EDT">
  <testcase classname="flight.Browser" name="@BeforeClass beforeClass" time="-1.588698078447E9">
    <failure type="org.testng.TestNGException" message="
Parameter &amp;apos;url&amp;apos; is required by BeforeClass on method beforeClass but has not been marked @Optional or defined
in C:\Users\HASSEN\workspace\expedia.com\resources\testng.xml">
      <![CDATA[org.testng.TestNGException: 
Parameter 'url' is required by BeforeClass on method beforeClass but has not been marked @Optional or defined
in C:\Users\HASSEN\workspace\expedia.com\resources\testng.xml
at java.base/java.util.ArrayList.forEach(ArrayList.java:1540)
... Removed 22 stack frames]]>
    </failure>
  </testcase> <!-- @BeforeClass beforeClass -->
  <testcase classname="flight.Browser" name="@AfterClass afterClass" time="-1.588698078502E9">
    <skipped/>
  </testcase> <!-- @AfterClass afterClass -->
  <testcase classname="flight.Browser" name="@BeforeClass beforeClass" time="-1.588698078504E9">
    <failure type="org.testng.TestNGException" message="
Parameter &amp;apos;url&amp;apos; is required by BeforeClass on method beforeClass but has not been marked @Optional or defined
in C:\Users\HASSEN\workspace\expedia.com\resources\testng.xml">
      <![CDATA[org.testng.TestNGException: 
Parameter 'url' is required by BeforeClass on method beforeClass but has not been marked @Optional or defined
in C:\Users\HASSEN\workspace\expedia.com\resources\testng.xml
at java.base/java.util.ArrayList.forEach(ArrayList.java:1540)
... Removed 22 stack frames]]>
    </failure>
  </testcase> <!-- @BeforeClass beforeClass -->
  <testcase classname="flight.Browser" name="@AfterClass afterClass" time="-1.58869807854E9">
    <skipped/>
  </testcase> <!-- @AfterClass afterClass -->
  <testcase classname="flight.Browser" name="@BeforeClass beforeClass" time="-1.588698078541E9">
    <failure type="org.testng.TestNGException" message="
Parameter &amp;apos;url&amp;apos; is required by BeforeClass on method beforeClass but has not been marked @Optional or defined
in C:\Users\HASSEN\workspace\expedia.com\resources\testng.xml">
      <![CDATA[org.testng.TestNGException: 
Parameter 'url' is required by BeforeClass on method beforeClass but has not been marked @Optional or defined
in C:\Users\HASSEN\workspace\expedia.com\resources\testng.xml
at java.base/java.util.ArrayList.forEach(ArrayList.java:1540)
... Removed 22 stack frames]]>
    </failure>
  </testcase> <!-- @BeforeClass beforeClass -->
  <testcase classname="flight.Browser" name="@AfterClass afterClass" time="-1.588698078554E9">
    <skipped/>
  </testcase> <!-- @AfterClass afterClass -->
  <testcase classname="flight.Browser" name="verifyHomepageTitle" time="0.0">
    <skipped/>
  </testcase> <!-- verifyHomepageTitle -->
  <testcase classname="flight.Browser" name="GetCurrentDateAndTime" time="0.0">
    <skipped/>
  </testcase> <!-- GetCurrentDateAndTime -->
  <testcase classname="flight.HomePage" name="closeChildWindow" time="0.0">
    <skipped/>
  </testcase> <!-- closeChildWindow -->
  <testcase classname="flight.Browser" name="verifyHomepageTitle" time="0.0">
    <skipped/>
  </testcase> <!-- verifyHomepageTitle -->
  <testcase classname="flight.Browser" name="GetCurrentDateAndTime" time="0.0">
    <skipped/>
  </testcase> <!-- GetCurrentDateAndTime -->
  <testcase classname="flight.HomePage" name="findElementofExpedia" time="0.0">
    <skipped/>
  </testcase> <!-- findElementofExpedia -->
  <testcase classname="flight.HomePage" name="departurDate" time="0.0">
    <skipped/>
  </testcase> <!-- departurDate -->
  <testcase classname="flight.HomePage" name="returnDate" time="0.0">
    <skipped/>
  </testcase> <!-- returnDate -->
  <testcase classname="flight.HomePage" name="search_ClosePopupWindow" time="0.0">
    <skipped/>
  </testcase> <!-- search_ClosePopupWindow -->
  <testcase classname="flight.HomePage" name="departure_Return" time="0.0">
    <skipped/>
  </testcase> <!-- departure_Return -->
  <testcase classname="flight.Book_card_info" name="bookingFlight" time="0.0">
    <failure type="org.testng.TestNGException" message="
Cannot inject @Test annotated Method [bookingFlight] with [class java.lang.String, class java.lang.String, class java.lang.String].
For more information on native dependency injection please refer to http://testng.org/doc/documentation-main.html#native-dependency-injection">
      <![CDATA[org.testng.TestNGException: 
Cannot inject @Test annotated Method [bookingFlight] with [class java.lang.String, class java.lang.String, class java.lang.String].
For more information on native dependency injection please refer to http://testng.org/doc/documentation-main.html#native-dependency-injection
at java.base/java.util.ArrayList.forEach(ArrayList.java:1540)
... Removed 26 stack frames]]>
    </failure>
  </testcase> <!-- bookingFlight -->
  <testcase classname="flight.Browser" name="verifyHomepageTitle" time="0.0">
    <skipped/>
  </testcase> <!-- verifyHomepageTitle -->
  <testcase classname="flight.Browser" name="GetCurrentDateAndTime" time="0.0">
    <skipped/>
  </testcase> <!-- GetCurrentDateAndTime -->
</testsuite> <!-- Free CRM App Test Cases -->
